<?xml version="1.0" encoding="UTF-8"?>
<!-- Generated by org.testng.reporters.JUnitReportReporter -->
<testsuite hostname="DESKTOP-C760JTT" name="com.javabykiran.testcases.POMTest" tests="2" failures="0" timestamp="7 Mar 2020 13:47:28 GMT" time="29.005" errors="0">
  <testcase name="verifyHomePageTitle" time="12.534" classname="com.javabykiran.testcases.POMTest"/>
  <testcase name="verifyUsersPageTitle" time="16.471" classname="com.javabykiran.testcases.POMTest"/>
</testsuite> <!-- com.javabykiran.testcases.POMTest -->
